<?xml version="1.0" encoding="UTF-8"?>
<!-- Generated by org.testng.reporters.JUnitReportReporter -->
<testsuite hostname="NLAMSHQ3898342L" failures="0" tests="1" name="com.runner.ApiRunner" time="8.711" errors="0" timestamp="2021-05-16T14:05:13 CEST" skipped="0">
  <testcase classname="com.runner.ApiRunner" name="executeApiTests" time="8.711"/>
  <system-out/>
</testsuite> <!-- com.runner.ApiRunner -->
